  图像预处理及特征点提取.cpp
E:\双目视觉\T字形工件\图像预处理及特征点提取\图像预处理及特征点提取\图像预处理及特征点提取.cpp(104,47): warning C4244: “参数”: 从“_Tp”转换到“int”，可能丢失数据
          with
          [
              _Tp=float
          ]
E:\双目视觉\T字形工件\图像预处理及特征点提取\图像预处理及特征点提取\图像预处理及特征点提取.cpp(113,48): warning C4244: “参数”: 从“_Tp”转换到“int”，可能丢失数据
          with
          [
              _Tp=float
          ]
E:\双目视觉\T字形工件\图像预处理及特征点提取\图像预处理及特征点提取\图像预处理及特征点提取.cpp(383,49): warning C4244: “参数”: 从“_Tp”转换到“int”，可能丢失数据
          with
          [
              _Tp=float
          ]
E:\双目视觉\T字形工件\图像预处理及特征点提取\图像预处理及特征点提取\图像预处理及特征点提取.cpp(392,50): warning C4244: “参数”: 从“_Tp”转换到“int”，可能丢失数据
          with
          [
              _Tp=float
          ]
  图像预处理及特征点提取.vcxproj -> E:\双目视觉\T字形工件\图像预处理及特征点提取\x64\Debug\图像预处理及特征点提取.exe
